[02:09:03] [ServerMain/INFO]: [bootstrap] Running Java 21 (OpenJDK 64-Bit Server VM 21.0.6+7-Ubuntu-120.04.1; Ubuntu null) on Linux 6.8.0-1026-azure (amd64)
[02:09:03] [ServerMain/INFO]: [bootstrap] Loading Paper 1.21.1-57-master@b483da4 (2024-09-01T18:09:05Z) for Minecraft 1.21.1
[02:09:03] [ServerMain/INFO]: [PluginInitializerManager] Initializing plugins...
[02:09:03] [ServerMain/INFO]: [PluginInitializerManager] Initialized 0 plugins
[02:09:07] [ServerMain/INFO]: Environment: Environment[sessionHost=https://sessionserver.mojang.com, servicesHost=https://api.minecraftservices.com, name=PROD]
[02:09:09] [ServerMain/INFO]: Loaded 1290 recipes
[02:09:09] [ServerMain/INFO]: Loaded 1399 advancements
[02:09:09] [Server thread/INFO]: Starting minecraft server version 1.21.1
[02:09:09] [Server thread/INFO]: Loading properties
[02:09:09] [Server thread/INFO]: This server is running Paper version 1.21.1-57-master@b483da4 (2024-09-01T18:09:05Z) (Implementing API version 1.21.1-R0.1-SNAPSHOT)
[02:09:10] [Server thread/INFO]: [spark] This server bundles the spark profiler. For more information please visit https://docs.papermc.io/paper/profiling
[02:09:10] [Server thread/INFO]: Server Ping Player Sample Count: 12
[02:09:10] [Server thread/INFO]: Using 4 threads for Netty based IO
[02:09:11] [Server thread/INFO]: [ChunkTaskScheduler] Chunk system is using 1 I/O threads, 1 worker threads, and population gen parallelism of 1 threads
[02:09:11] [Server thread/INFO]: Default game type: SURVIVAL
[02:09:11] [Server thread/INFO]: Generating keypair
[02:09:11] [Server thread/INFO]: Starting Minecraft server on *:25565
[02:09:11] [Server thread/INFO]: Using epoll channel type
[02:09:11] [Server thread/INFO]: Paper: Using libdeflate (Linux x86_64) compression from Velocity.
[02:09:11] [Server thread/INFO]: Paper: Using OpenSSL 1.1.x (Linux x86_64) cipher from Velocity.
[02:09:11] [Server thread/INFO]: Server permissions file permissions.yml is empty, ignoring it
[02:09:11] [Server thread/WARN]: **** SERVER IS RUNNING IN OFFLINE/INSECURE MODE!
[02:09:11] [Server thread/WARN]: The server will make no attempt to authenticate usernames. Beware.
[02:09:11] [Server thread/WARN]: While this makes the game possible to play without internet access, it also opens up the ability for hackers to connect with any username they choose.
[02:09:11] [Server thread/WARN]: To change this, set "online-mode" to "true" in the server.properties file.
[02:09:11] [Server thread/INFO]: Preparing level "world"
[02:09:12] [Server thread/INFO]: Preparing start region for dimension minecraft:overworld
[02:09:14] [Server thread/INFO]: Time elapsed: 1970 ms
[02:09:14] [Server thread/INFO]: Preparing start region for dimension minecraft:the_nether
[02:09:14] [Server thread/INFO]: Time elapsed: 299 ms
[02:09:14] [Server thread/INFO]: Preparing start region for dimension minecraft:the_end
[02:09:14] [Server thread/INFO]: Time elapsed: 147 ms
[02:09:14] [Server thread/INFO]: [spark] Starting background profiler...
[02:09:15] [Server thread/INFO]: Done preparing level "world" (3.036s)
[02:09:15] [Server thread/INFO]: Running delayed init tasks
[02:09:15] [Server thread/INFO]: Done (12.712s)! For help, type "help"
[02:09:15] [Server thread/INFO]: Timings Reset
[02:10:42] [Server thread/INFO]: Stopping the server
[02:10:42] [Server thread/INFO]: Stopping server
[02:10:42] [Server thread/INFO]: Saving players
[02:10:42] [Server thread/INFO]: Saving worlds
[02:10:42] [Server thread/INFO]: Saving chunks for level 'ServerLevel[world]'/minecraft:overworld
[02:10:42] [Server thread/INFO]: [ChunkHolderManager] Waiting 60s for chunk system to halt for world 'world'
[02:10:42] [Server thread/INFO]: [ChunkHolderManager] Halted chunk system for world 'world'
[02:10:42] [Server thread/INFO]: [ChunkHolderManager] Saving all chunkholders for world 'world'
[02:10:43] [Server thread/INFO]: [ChunkHolderManager] Saved 49 block chunks, 49 entity chunks, 0 poi chunks in world 'world' in 0.30s
[02:10:43] [Server thread/INFO]: Saving chunks for level 'ServerLevel[world_nether]'/minecraft:the_nether
[02:10:43] [Server thread/INFO]: [ChunkHolderManager] Waiting 60s for chunk system to halt for world 'world_nether'
[02:10:43] [Server thread/INFO]: [ChunkHolderManager] Halted chunk system for world 'world_nether'
[02:10:43] [Server thread/INFO]: [ChunkHolderManager] Saving all chunkholders for world 'world_nether'
[02:10:43] [Server thread/INFO]: [ChunkHolderManager] Saved 49 block chunks, 49 entity chunks, 0 poi chunks in world 'world_nether' in 0.19s
[02:10:43] [Server thread/INFO]: Saving chunks for level 'ServerLevel[world_the_end]'/minecraft:the_end
[02:10:43] [Server thread/INFO]: [ChunkHolderManager] Waiting 60s for chunk system to halt for world 'world_the_end'
[02:10:43] [Server thread/INFO]: [ChunkHolderManager] Halted chunk system for world 'world_the_end'
[02:10:43] [Server thread/INFO]: [ChunkHolderManager] Saving all chunkholders for world 'world_the_end'
[02:10:43] [Server thread/INFO]: [ChunkHolderManager] Saved 49 block chunks, 49 entity chunks, 0 poi chunks in world 'world_the_end' in 0.07s
[02:10:43] [Server thread/INFO]: ThreadedAnvilChunkStorage (world): All chunks are saved
[02:10:43] [Server thread/INFO]: ThreadedAnvilChunkStorage (DIM-1): All chunks are saved
[02:10:43] [Server thread/INFO]: ThreadedAnvilChunkStorage (DIM1): All chunks are saved
[02:10:43] [Server thread/INFO]: ThreadedAnvilChunkStorage: All dimensions are saved
